<?xml version="1.0" encoding="UTF-8"?>
<robot generator="Robot 3.2.2 (Python 3.7.8 on win32)" generated="20201001 11:34:52.332" rpa="false">
<suite id="s1" name="Kontakt-Vgr Vgrform" source="C:\Users\abram\Vgr\selenium-vgregion_se\tests\kontakt-vgr_vgrform.robot">
<test id="s1-t1" name="Verify Skicka Fråga">
<kw name="Open Page" library="keywords_kontakt-vgr_vgrform" type="setup">
<kw name="Open Browser" library="SeleniumLibrary">
<doc>Opens a new browser instance to the optional ``url``.</doc>
<arguments>
<arg>about:blank</arg>
<arg>${BROWSER}</arg>
</arguments>
<msg timestamp="20201001 11:34:53.159" level="INFO">Opening browser 'chrome' to base url 'about:blank'.</msg>
<status status="PASS" starttime="20201001 11:34:53.158" endtime="20201001 11:34:56.532"></status>
</kw>
<kw name="Go To" library="SeleniumLibrary">
<doc>Navigates the current browser window to the provided ``url``.</doc>
<arguments>
<arg>${URL}</arg>
</arguments>
<msg timestamp="20201001 11:34:56.534" level="INFO">Opening url 'https://www.vgregion.se/kontakt-vgr/?vgrform=1/'</msg>
<status status="PASS" starttime="20201001 11:34:56.533" endtime="20201001 11:34:57.513"></status>
</kw>
<status status="PASS" starttime="20201001 11:34:53.156" endtime="20201001 11:34:57.514"></status>
</kw>
<kw name="Test Contact Message" library="keywords_kontakt-vgr_vgrform">
<kw name="Input Text" library="SeleniumLibrary">
<doc>Types the given ``text`` into the text field identified by ``locator``.</doc>
<arguments>
<arg>css:#namn</arg>
<arg>Testrobot</arg>
</arguments>
<msg timestamp="20201001 11:34:57.517" level="INFO">Typing text 'Testrobot' into text field 'css:#namn'.</msg>
<status status="PASS" starttime="20201001 11:34:57.517" endtime="20201001 11:34:57.678"></status>
</kw>
<kw name="Input Text" library="SeleniumLibrary">
<doc>Types the given ``text`` into the text field identified by ``locator``.</doc>
<arguments>
<arg>css:#epost</arg>
<arg>test20014565@gmail.com</arg>
</arguments>
<msg timestamp="20201001 11:34:57.680" level="INFO">Typing text 'test20014565@gmail.com' into text field 'css:#epost'.</msg>
<status status="PASS" starttime="20201001 11:34:57.679" endtime="20201001 11:34:58.031"></status>
</kw>
<kw name="Input Text" library="SeleniumLibrary">
<doc>Types the given ``text`` into the text field identified by ``locator``.</doc>
<arguments>
<arg>css:#fraga</arg>
<arg>Testmail</arg>
</arguments>
<msg timestamp="20201001 11:34:58.033" level="INFO">Typing text 'Testmail' into text field 'css:#fraga'.</msg>
<status status="PASS" starttime="20201001 11:34:58.032" endtime="20201001 11:34:58.237"></status>
</kw>
<kw name="Input Text" library="SeleniumLibrary">
<doc>Types the given ``text`` into the text field identified by ``locator``.</doc>
<arguments>
<arg>css:#CapthcaQuestion</arg>
<arg>4</arg>
</arguments>
<msg timestamp="20201001 11:34:58.238" level="INFO">Typing text '4' into text field 'css:#CapthcaQuestion'.</msg>
<status status="PASS" starttime="20201001 11:34:58.238" endtime="20201001 11:34:58.352"></status>
</kw>
<kw name="Click Element" library="SeleniumLibrary">
<doc>Click the element identified by ``locator``.</doc>
<arguments>
<arg>name:XFormsSubmit_ybNPBoUY03n4AhQramlZUl7tjg8B8hlyI9EGjjv64</arg>
</arguments>
<msg timestamp="20201001 11:34:58.354" level="INFO">Clicking element 'name:XFormsSubmit_ybNPBoUY03n4AhQramlZUl7tjg8B8hlyI9EGjjv64'.</msg>
<status status="PASS" starttime="20201001 11:34:58.353" endtime="20201001 11:34:59.220"></status>
</kw>
<kw name="Go To" library="SeleniumLibrary">
<doc>Navigates the current browser window to the provided ``url``.</doc>
<arguments>
<arg>https://accounts.google.com/ServiceLogin/signinchooser?service=mail&amp;passive=true&amp;rm=false&amp;continue=https%3A%2F%2Fmail.google.com%2Fmail%2F&amp;ss=1&amp;scc=1&amp;ltmpl=default&amp;ltmplcache=2&amp;emr=1&amp;osid=1&amp;flowName=GlifWebSignIn&amp;flowEntry=ServiceLogin</arg>
</arguments>
<msg timestamp="20201001 11:34:59.222" level="INFO">Opening url 'https://accounts.google.com/ServiceLogin/signinchooser?service=mail&amp;passive=true&amp;rm=false&amp;continue=https%3A%2F%2Fmail.google.com%2Fmail%2F&amp;ss=1&amp;scc=1&amp;ltmpl=default&amp;ltmplcache=2&amp;emr=1&amp;osid=1&amp;flowName=GlifWebSignIn&amp;flowEntry=ServiceLogin'</msg>
<status status="PASS" starttime="20201001 11:34:59.221" endtime="20201001 11:35:00.319"></status>
</kw>
<kw name="Input Text" library="SeleniumLibrary">
<doc>Types the given ``text`` into the text field identified by ``locator``.</doc>
<arguments>
<arg>name:identifier</arg>
<arg>test20014565@gmail.com</arg>
</arguments>
<msg timestamp="20201001 11:35:00.320" level="INFO">Typing text 'test20014565@gmail.com' into text field 'name:identifier'.</msg>
<status status="PASS" starttime="20201001 11:35:00.320" endtime="20201001 11:35:00.728"></status>
</kw>
<kw name="Click Element" library="SeleniumLibrary">
<doc>Click the element identified by ``locator``.</doc>
<arguments>
<arg>xpath:/html/body/div[1]/div[1]/div[2]/div/div[2]/div/div/div[2]/div/div[2]/div/div[1]/div/div/button</arg>
</arguments>
<msg timestamp="20201001 11:35:00.731" level="INFO">Clicking element 'xpath:/html/body/div[1]/div[1]/div[2]/div/div[2]/div/div/div[2]/div/div[2]/div/div[1]/div/div/button'.</msg>
<status status="PASS" starttime="20201001 11:35:00.729" endtime="20201001 11:35:00.838"></status>
</kw>
<kw name="Sleep" library="BuiltIn">
<doc>Pauses the test executed for the given time.</doc>
<arguments>
<arg>3s</arg>
</arguments>
<msg timestamp="20201001 11:35:03.841" level="INFO">Slept 3 seconds</msg>
<status status="PASS" starttime="20201001 11:35:00.839" endtime="20201001 11:35:03.841"></status>
</kw>
<kw name="Input Text" library="SeleniumLibrary">
<doc>Types the given ``text`` into the text field identified by ``locator``.</doc>
<arguments>
<arg>name:password</arg>
<arg>Vgregiontest</arg>
</arguments>
<msg timestamp="20201001 11:35:03.843" level="INFO">Typing text 'Vgregiontest' into text field 'name:password'.</msg>
<status status="PASS" starttime="20201001 11:35:03.842" endtime="20201001 11:35:03.987"></status>
</kw>
<kw name="Click Element" library="SeleniumLibrary">
<doc>Click the element identified by ``locator``.</doc>
<arguments>
<arg>xpath:/html/body/div[1]/div[1]/div[2]/div/div[2]/div/div/div[2]/div/div[2]/div/div[1]/div/div/button</arg>
</arguments>
<msg timestamp="20201001 11:35:03.989" level="INFO">Clicking element 'xpath:/html/body/div[1]/div[1]/div[2]/div/div[2]/div/div/div[2]/div/div[2]/div/div[1]/div/div/button'.</msg>
<status status="PASS" starttime="20201001 11:35:03.988" endtime="20201001 11:35:04.084"></status>
</kw>
<status status="PASS" starttime="20201001 11:34:57.515" endtime="20201001 11:35:04.084"></status>
</kw>
<status status="PASS" starttime="20201001 11:34:53.153" endtime="20201001 11:35:04.085" critical="yes"></status>
</test>
<status status="PASS" starttime="20201001 11:34:52.340" endtime="20201001 11:35:04.089"></status>
</suite>
<statistics>
<total>
<stat pass="1" fail="0">Critical Tests</stat>
<stat pass="1" fail="0">All Tests</stat>
</total>
<tag>
</tag>
<suite>
<stat pass="1" fail="0" id="s1" name="Kontakt-Vgr Vgrform">Kontakt-Vgr Vgrform</stat>
</suite>
</statistics>
<errors>
</errors>
</robot>
