<?xml version="1.0" encoding="UTF-8"?>
<robot generator="Robot 3.2.2 (Python 3.9.0 on win32)" generated="20201028 09:28:41.607" rpa="false">
<suite id="s1" name="Folktandvården" source="C:\Users\ka.balno1\Documents\GitHub\selenium-vgregion_se\tests\folktandvården.robot">
<test id="s1-t1" name="Test Lyssna">
<kw name="Open Page" library="keywords_general" type="setup">
<doc>Opens selected browser with selected website</doc>
<kw name="Open Browser" library="SeleniumLibrary">
<doc>Opens a new browser instance to the optional ``url``.</doc>
<arguments>
<arg>about:blank</arg>
<arg>${BROWSER}</arg>
</arguments>
<msg timestamp="20201028 09:28:42.377" level="INFO">Opening browser 'chrome' to base url 'about:blank'.</msg>
<status status="PASS" starttime="20201028 09:28:42.377" endtime="20201028 09:28:44.732"></status>
</kw>
<kw name="Go To" library="SeleniumLibrary">
<doc>Navigates the current browser window to the provided ``url``.</doc>
<arguments>
<arg>${URL}</arg>
</arguments>
<msg timestamp="20201028 09:28:44.733" level="INFO">Opening url 'https://folktandvarden.vgregion.se/'</msg>
<status status="PASS" starttime="20201028 09:28:44.732" endtime="20201028 09:28:47.081"></status>
</kw>
<status status="PASS" starttime="20201028 09:28:42.376" endtime="20201028 09:28:47.081"></status>
</kw>
<kw name="Test Listen Function" library="keywords_general">
<doc>Tests "Lyssna Nu" on header of page</doc>
<kw name="Click Element" library="SeleniumLibrary">
<doc>Click the element identified by ``locator``.</doc>
<arguments>
<arg>id:speaklink</arg>
</arguments>
<msg timestamp="20201028 09:28:47.084" level="INFO">Clicking element 'id:speaklink'.</msg>
<status status="PASS" starttime="20201028 09:28:47.083" endtime="20201028 09:28:47.208"></status>
</kw>
<kw name="Sleep" library="BuiltIn">
<doc>Pauses the test executed for the given time.</doc>
<arguments>
<arg>2s</arg>
</arguments>
<msg timestamp="20201028 09:28:49.209" level="INFO">Slept 2 seconds</msg>
<status status="PASS" starttime="20201028 09:28:47.208" endtime="20201028 09:28:49.209"></status>
</kw>
<kw name="Click Button" library="SeleniumLibrary">
<doc>Clicks the button identified by ``locator``.</doc>
<arguments>
<arg>id:agreecookie</arg>
</arguments>
<msg timestamp="20201028 09:28:49.209" level="INFO">Clicking button 'id:agreecookie'.</msg>
<status status="PASS" starttime="20201028 09:28:49.209" endtime="20201028 09:28:49.325"></status>
</kw>
<kw name="Wait Until Page Contains Element" library="SeleniumLibrary">
<doc>Waits until the element ``locator`` appears on the current page.</doc>
<arguments>
<arg>id:insipio_player</arg>
</arguments>
<status status="PASS" starttime="20201028 09:28:49.325" endtime="20201028 09:28:49.338"></status>
</kw>
<kw name="Click Button" library="SeleniumLibrary">
<doc>Clicks the button identified by ``locator``.</doc>
<arguments>
<arg>id:play50x50</arg>
</arguments>
<msg timestamp="20201028 09:28:49.338" level="INFO">Clicking button 'id:play50x50'.</msg>
<status status="PASS" starttime="20201028 09:28:49.338" endtime="20201028 09:28:49.609"></status>
</kw>
<kw name="Wait Until Page Contains Element" library="SeleniumLibrary">
<doc>Waits until the element ``locator`` appears on the current page.</doc>
<arguments>
<arg>id:pause50x50</arg>
</arguments>
<status status="PASS" starttime="20201028 09:28:49.609" endtime="20201028 09:28:49.649"></status>
</kw>
<status status="PASS" starttime="20201028 09:28:47.082" endtime="20201028 09:28:49.650"></status>
</kw>
<kw name="End Test" library="keywords_general" type="teardown">
<kw name="Close Browser" library="SeleniumLibrary">
<doc>Closes the current browser.</doc>
<status status="PASS" starttime="20201028 09:28:49.651" endtime="20201028 09:28:52.292"></status>
</kw>
<status status="PASS" starttime="20201028 09:28:49.651" endtime="20201028 09:28:52.292"></status>
</kw>
<status status="PASS" starttime="20201028 09:28:42.375" endtime="20201028 09:28:52.293" critical="yes"></status>
</test>
<test id="s1-t2" name="Verify Sök Function">
<kw name="Open Page" library="keywords_general" type="setup">
<doc>Opens selected browser with selected website</doc>
<kw name="Open Browser" library="SeleniumLibrary">
<doc>Opens a new browser instance to the optional ``url``.</doc>
<arguments>
<arg>about:blank</arg>
<arg>${BROWSER}</arg>
</arguments>
<msg timestamp="20201028 09:28:52.296" level="INFO">Opening browser 'chrome' to base url 'about:blank'.</msg>
<status status="PASS" starttime="20201028 09:28:52.295" endtime="20201028 09:28:54.691"></status>
</kw>
<kw name="Go To" library="SeleniumLibrary">
<doc>Navigates the current browser window to the provided ``url``.</doc>
<arguments>
<arg>${URL}</arg>
</arguments>
<msg timestamp="20201028 09:28:54.695" level="INFO">Opening url 'https://folktandvarden.vgregion.se/'</msg>
<status status="PASS" starttime="20201028 09:28:54.692" endtime="20201028 09:28:56.811"></status>
</kw>
<status status="PASS" starttime="20201028 09:28:52.295" endtime="20201028 09:28:56.811"></status>
</kw>
<kw name="Verify Sök Function Is Working" library="keywords_general">
<doc>Verifies that searchbar on header works</doc>
<kw name="Input Text" library="SeleniumLibrary">
<doc>Types the given ``text`` into the text field identified by ``locator``.</doc>
<arguments>
<arg>name:q</arg>
<arg>vård</arg>
</arguments>
<msg timestamp="20201028 09:28:56.812" level="INFO">Typing text 'vård' into text field 'name:q'.</msg>
<status status="PASS" starttime="20201028 09:28:56.812" endtime="20201028 09:28:56.996"></status>
</kw>
<kw name="Click Element" library="SeleniumLibrary">
<doc>Click the element identified by ``locator``.</doc>
<arguments>
<arg>css:.vgr-button.search__button</arg>
</arguments>
<msg timestamp="20201028 09:28:56.999" level="INFO">Clicking element 'css:.vgr-button.search__button'.</msg>
<status status="PASS" starttime="20201028 09:28:56.997" endtime="20201028 09:28:59.693"></status>
</kw>
<kw name="Wait Until Page Contains Element" library="SeleniumLibrary">
<doc>Waits until the element ``locator`` appears on the current page.</doc>
<arguments>
<arg>id:search-page</arg>
</arguments>
<status status="PASS" starttime="20201028 09:28:59.693" endtime="20201028 09:28:59.707"></status>
</kw>
<status status="PASS" starttime="20201028 09:28:56.812" endtime="20201028 09:28:59.708"></status>
</kw>
<kw name="End Test" library="keywords_general" type="teardown">
<kw name="Close Browser" library="SeleniumLibrary">
<doc>Closes the current browser.</doc>
<status status="PASS" starttime="20201028 09:28:59.708" endtime="20201028 09:29:02.523"></status>
</kw>
<status status="PASS" starttime="20201028 09:28:59.708" endtime="20201028 09:29:02.523"></status>
</kw>
<status status="PASS" starttime="20201028 09:28:52.294" endtime="20201028 09:29:02.523" critical="yes"></status>
</test>
<test id="s1-t3" name="Verify Header Is Visible">
<kw name="Open Page" library="keywords_general" type="setup">
<doc>Opens selected browser with selected website</doc>
<kw name="Open Browser" library="SeleniumLibrary">
<doc>Opens a new browser instance to the optional ``url``.</doc>
<arguments>
<arg>about:blank</arg>
<arg>${BROWSER}</arg>
</arguments>
<msg timestamp="20201028 09:29:02.526" level="INFO">Opening browser 'chrome' to base url 'about:blank'.</msg>
<status status="PASS" starttime="20201028 09:29:02.525" endtime="20201028 09:29:04.860"></status>
</kw>
<kw name="Go To" library="SeleniumLibrary">
<doc>Navigates the current browser window to the provided ``url``.</doc>
<arguments>
<arg>${URL}</arg>
</arguments>
<msg timestamp="20201028 09:29:04.861" level="INFO">Opening url 'https://folktandvarden.vgregion.se/'</msg>
<status status="PASS" starttime="20201028 09:29:04.860" endtime="20201028 09:29:06.750"></status>
</kw>
<status status="PASS" starttime="20201028 09:29:02.525" endtime="20201028 09:29:06.750"></status>
</kw>
<kw name="Verify If Header Menu Is Visible" library="keywords_general">
<doc>Verifies that header appears on page</doc>
<kw name="Wait Until Element Is Visible" library="SeleniumLibrary">
<doc>Waits until the element ``locator`` is visible.</doc>
<arguments>
<arg>id:main-menu-nav</arg>
</arguments>
<status status="PASS" starttime="20201028 09:29:06.752" endtime="20201028 09:29:06.785"></status>
</kw>
<status status="PASS" starttime="20201028 09:29:06.751" endtime="20201028 09:29:06.785"></status>
</kw>
<kw name="End Test" library="keywords_general" type="teardown">
<kw name="Close Browser" library="SeleniumLibrary">
<doc>Closes the current browser.</doc>
<status status="PASS" starttime="20201028 09:29:06.787" endtime="20201028 09:29:09.374"></status>
</kw>
<status status="PASS" starttime="20201028 09:29:06.786" endtime="20201028 09:29:09.374"></status>
</kw>
<status status="PASS" starttime="20201028 09:29:02.524" endtime="20201028 09:29:09.375" critical="yes"></status>
</test>
<test id="s1-t4" name="Test Hitta Klinik No Filtera">
<kw name="Open Page" library="keywords_general" type="setup">
<doc>Opens selected browser with selected website</doc>
<kw name="Open Browser" library="SeleniumLibrary">
<doc>Opens a new browser instance to the optional ``url``.</doc>
<arguments>
<arg>about:blank</arg>
<arg>${BROWSER}</arg>
</arguments>
<msg timestamp="20201028 09:29:09.379" level="INFO">Opening browser 'chrome' to base url 'about:blank'.</msg>
<status status="PASS" starttime="20201028 09:29:09.378" endtime="20201028 09:29:11.802"></status>
</kw>
<kw name="Go To" library="SeleniumLibrary">
<doc>Navigates the current browser window to the provided ``url``.</doc>
<arguments>
<arg>${URL}</arg>
</arguments>
<msg timestamp="20201028 09:29:11.804" level="INFO">Opening url 'https://folktandvarden.vgregion.se/'</msg>
<status status="PASS" starttime="20201028 09:29:11.803" endtime="20201028 09:29:16.892"></status>
</kw>
<status status="PASS" starttime="20201028 09:29:09.378" endtime="20201028 09:29:16.892"></status>
</kw>
<kw name="Use Hitta Klinik" library="keywords_folktandvården">
<doc>Tests search function "Hitta Klinik"</doc>
<kw name="Input Text" library="SeleniumLibrary">
<doc>Types the given ``text`` into the text field identified by ``locator``.</doc>
<arguments>
<arg>css:#SearchQuery</arg>
<arg>Specialistkliniken för endodonti Göteborg</arg>
</arguments>
<msg timestamp="20201028 09:29:16.894" level="INFO">Typing text 'Specialistkliniken för endodonti Göteborg' into text field 'css:#SearchQuery'.</msg>
<status status="PASS" starttime="20201028 09:29:16.893" endtime="20201028 09:29:17.192"></status>
</kw>
<kw name="Click Element" library="SeleniumLibrary">
<doc>Click the element identified by ``locator``.</doc>
<arguments>
<arg>css:#SearchButton</arg>
</arguments>
<msg timestamp="20201028 09:29:17.192" level="INFO">Clicking element 'css:#SearchButton'.</msg>
<status status="PASS" starttime="20201028 09:29:17.192" endtime="20201028 09:29:19.744"></status>
</kw>
<kw name="Sleep" library="BuiltIn">
<doc>Pauses the test executed for the given time.</doc>
<arguments>
<arg>1s</arg>
</arguments>
<msg timestamp="20201028 09:29:20.746" level="INFO">Slept 1 second</msg>
<status status="PASS" starttime="20201028 09:29:19.744" endtime="20201028 09:29:20.746"></status>
</kw>
<kw name="Wait Until Page Contains" library="SeleniumLibrary">
<doc>Waits until ``text`` appears on the current page.</doc>
<arguments>
<arg>Specialistkliniken för endodonti Göteborg</arg>
</arguments>
<status status="PASS" starttime="20201028 09:29:20.746" endtime="20201028 09:29:20.769"></status>
</kw>
<status status="PASS" starttime="20201028 09:29:16.893" endtime="20201028 09:29:20.769"></status>
</kw>
<kw name="End Test" library="keywords_general" type="teardown">
<kw name="Close Browser" library="SeleniumLibrary">
<doc>Closes the current browser.</doc>
<status status="PASS" starttime="20201028 09:29:20.770" endtime="20201028 09:29:23.374"></status>
</kw>
<status status="PASS" starttime="20201028 09:29:20.769" endtime="20201028 09:29:23.374"></status>
</kw>
<status status="PASS" starttime="20201028 09:29:09.376" endtime="20201028 09:29:23.375" critical="yes"></status>
</test>
<test id="s1-t5" name="Test Hitta Klinik With Filters">
<kw name="Open Page" library="keywords_general" type="setup">
<doc>Opens selected browser with selected website</doc>
<kw name="Open Browser" library="SeleniumLibrary">
<doc>Opens a new browser instance to the optional ``url``.</doc>
<arguments>
<arg>about:blank</arg>
<arg>${BROWSER}</arg>
</arguments>
<msg timestamp="20201028 09:29:23.379" level="INFO">Opening browser 'chrome' to base url 'about:blank'.</msg>
<status status="PASS" starttime="20201028 09:29:23.378" endtime="20201028 09:29:25.623"></status>
</kw>
<kw name="Go To" library="SeleniumLibrary">
<doc>Navigates the current browser window to the provided ``url``.</doc>
<arguments>
<arg>${URL}</arg>
</arguments>
<msg timestamp="20201028 09:29:25.624" level="INFO">Opening url 'https://folktandvarden.vgregion.se/'</msg>
<status status="PASS" starttime="20201028 09:29:25.623" endtime="20201028 09:29:30.654"></status>
</kw>
<status status="PASS" starttime="20201028 09:29:23.378" endtime="20201028 09:29:30.655"></status>
</kw>
<kw name="Use Hitta Klinik With Filters" library="keywords_folktandvården">
<kw name="[Documentation] Tests search function &quot;Hitta Klinik&quot; with filters">
<msg timestamp="20201028 09:29:30.660" level="FAIL">No keyword with name '[Documentation] Tests search function "Hitta Klinik" with filters' found.</msg>
<status status="FAIL" starttime="20201028 09:29:30.660" endtime="20201028 09:29:30.660"></status>
</kw>
<status status="FAIL" starttime="20201028 09:29:30.656" endtime="20201028 09:29:30.660"></status>
</kw>
<kw name="End Test" library="keywords_general" type="teardown">
<kw name="Close Browser" library="SeleniumLibrary">
<doc>Closes the current browser.</doc>
<status status="PASS" starttime="20201028 09:29:30.663" endtime="20201028 09:29:33.328"></status>
</kw>
<status status="PASS" starttime="20201028 09:29:30.662" endtime="20201028 09:29:33.328"></status>
</kw>
<status status="FAIL" starttime="20201028 09:29:23.377" endtime="20201028 09:29:33.329" critical="yes">No keyword with name '[Documentation] Tests search function "Hitta Klinik" with filters' found.</status>
</test>
<status status="FAIL" starttime="20201028 09:28:41.610" endtime="20201028 09:29:33.332"></status>
</suite>
<statistics>
<total>
<stat pass="4" fail="1">Critical Tests</stat>
<stat pass="4" fail="1">All Tests</stat>
</total>
<tag>
</tag>
<suite>
<stat pass="4" fail="1" id="s1" name="Folktandvården">Folktandvården</stat>
</suite>
</statistics>
<errors>
</errors>
</robot>
